0 silly argv {
0 silly argv   _: [ 'version' ],
0 silly argv   lernaVersion: '4.0.0',
0 silly argv   '$0': 'D:\\Program Files (x86)\\NodeJS\\node_global\\node_modules\\lerna\\cli.js'
0 silly argv }
1 notice cli v4.0.0
2 verbose rootPath D:\code\project\azhu\scaffold\azhu-cli2
3 info current version 1.0.0
4 silly isAnythingCommitted
5 verbose isAnythingCommitted 1
6 silly getCurrentBranch
7 verbose currentBranch master
8 silly remoteBranchExists
9 silly isBehindUpstream
10 silly isBehindUpstream master is behind origin/master by 0 commit(s) and ahead by 0
11 silly hasTags
12 verbose hasTags false
13 info Assuming all packages changed
14 verbose updated @azhu-cli-dev/core
15 verbose updated @azhu-cli-dev/utils
16 verbose git-describe undefined => "d89b7a4"
17 silly git-describe parsed => {"refCount":"2","sha":"d89b7a4","isDirty":false}
18 info execute Skipping releases
19 silly lifecycle No script for "preversion" in "azhu-cli2", continuing
20 silly lifecycle No script for "preversion" in "@azhu-cli-dev/utils", continuing
21 silly lifecycle No script for "version" in "@azhu-cli-dev/utils", continuing
22 silly lifecycle No script for "preversion" in "@azhu-cli-dev/core", continuing
23 silly lifecycle No script for "version" in "@azhu-cli-dev/core", continuing
24 silly lifecycle No script for "version" in "azhu-cli2", continuing
25 silly gitAdd [
25 silly gitAdd   'packages/utils/package.json',
25 silly gitAdd   'packages/utils/package-lock.json',
25 silly gitAdd   'packages/core/package.json',
25 silly gitAdd   'packages/core/package-lock.json',
25 silly gitAdd   'lerna.json'
25 silly gitAdd ]
26 error Error: Command failed with exit code 1: git add -- packages/utils/package.json packages/utils/package-lock.json packages/core/package.json packages/core/package-lock.json lerna.json
26 error The following paths are ignored by one of your .gitignore files:
26 error packages/core/package-lock.json
26 error packages/utils/package-lock.json
26 error hint: Use -f if you really want to add them.
26 error hint: Turn this message off by running
26 error hint: "git config advice.addIgnoredFile false"
26 error     at makeError (D:\code\project\azhu\scaffold\azhu-cli2\node_modules\_execa@5.1.1@execa\lib\error.js:60:11)
26 error     at handlePromise (D:\code\project\azhu\scaffold\azhu-cli2\node_modules\_execa@5.1.1@execa\index.js:118:26)
26 error     at processTicksAndRejections (node:internal/process/task_queues:96:5)
26 error     at async Promise.all (index 0)
